Detecting C [-std=c11] compiler features failed to compile with the following output:
Change Dir: /home/tsuchida/ros_package/ur_ws/src/moveit_jog_arm/build/CMakeFiles/CMakeTmp

Run Build Command:"/usr/bin/make" "cmTC_428e6/fast"
/usr/bin/make -f CMakeFiles/cmTC_428e6.dir/build.make CMakeFiles/cmTC_428e6.dir/build
make[1]: ディレクトリ '/home/tsuchida/ros_package/ur_ws/src/moveit_jog_arm/build/CMakeFiles/CMakeTmp' に入ります
Building C object CMakeFiles/cmTC_428e6.dir/feature_tests.c.o
/usr/bin/c89-gcc   -std=c11 -o CMakeFiles/cmTC_428e6.dir/feature_tests.c.o   -c /home/tsuchida/ros_package/ur_ws/src/moveit_jog_arm/build/CMakeFiles/feature_tests.c
c89-gcc called with non ANSI/ISO C option -std=c11
CMakeFiles/cmTC_428e6.dir/build.make:65: recipe for target 'CMakeFiles/cmTC_428e6.dir/feature_tests.c.o' failed
make[1]: *** [CMakeFiles/cmTC_428e6.dir/feature_tests.c.o] Error 1
make[1]: ディレクトリ '/home/tsuchida/ros_package/ur_ws/src/moveit_jog_arm/build/CMakeFiles/CMakeTmp' から出ます
Makefile:126: recipe for target 'cmTC_428e6/fast' failed
make: *** [cmTC_428e6/fast] Error 2



Determining if the pthread_create exist failed with the following output:
Change Dir: /home/tsuchida/ros_package/ur_ws/src/moveit_jog_arm/build/CMakeFiles/CMakeTmp

Run Build Command:"/usr/bin/make" "cmTC_13e94/fast"
/usr/bin/make -f CMakeFiles/cmTC_13e94.dir/build.make CMakeFiles/cmTC_13e94.dir/build
make[1]: ディレクトリ '/home/tsuchida/ros_package/ur_ws/src/moveit_jog_arm/build/CMakeFiles/CMakeTmp' に入ります
Building C object CMakeFiles/cmTC_13e94.dir/CheckSymbolExists.c.o
/usr/bin/c89-gcc    -o CMakeFiles/cmTC_13e94.dir/CheckSymbolExists.c.o   -c /home/tsuchida/ros_package/ur_ws/src/moveit_jog_arm/build/CMakeFiles/CMakeTmp/CheckSymbolExists.c
Linking C executable cmTC_13e94
/usr/bin/cmake -E cmake_link_script CMakeFiles/cmTC_13e94.dir/link.txt --verbose=1
/usr/bin/c89-gcc      -rdynamic CMakeFiles/cmTC_13e94.dir/CheckSymbolExists.c.o  -o cmTC_13e94 
CMakeFiles/cmTC_13e94.dir/CheckSymbolExists.c.o: 関数 `main' 内:
CheckSymbolExists.c:(.text+0x1b): `pthread_create' に対する定義されていない参照です
collect2: error: ld returned 1 exit status
CMakeFiles/cmTC_13e94.dir/build.make:97: recipe for target 'cmTC_13e94' failed
make[1]: *** [cmTC_13e94] Error 1
make[1]: ディレクトリ '/home/tsuchida/ros_package/ur_ws/src/moveit_jog_arm/build/CMakeFiles/CMakeTmp' から出ます
Makefile:126: recipe for target 'cmTC_13e94/fast' failed
make: *** [cmTC_13e94/fast] Error 2

File /home/tsuchida/ros_package/ur_ws/src/moveit_jog_arm/build/CMakeFiles/CMakeTmp/CheckSymbolExists.c:
/* */
#include <pthread.h>

int main(int argc, char** argv)
{
  (void)argv;
#ifndef pthread_create
  return ((int*)(&pthread_create))[argc];
#else
  (void)argc;
  return 0;
#endif
}

Determining if the function pthread_create exists in the pthreads failed with the following output:
Change Dir: /home/tsuchida/ros_package/ur_ws/src/moveit_jog_arm/build/CMakeFiles/CMakeTmp

Run Build Command:"/usr/bin/make" "cmTC_34e43/fast"
/usr/bin/make -f CMakeFiles/cmTC_34e43.dir/build.make CMakeFiles/cmTC_34e43.dir/build
make[1]: ディレクトリ '/home/tsuchida/ros_package/ur_ws/src/moveit_jog_arm/build/CMakeFiles/CMakeTmp' に入ります
Building C object CMakeFiles/cmTC_34e43.dir/CheckFunctionExists.c.o
/usr/bin/c89-gcc   -DCHECK_FUNCTION_EXISTS=pthread_create   -o CMakeFiles/cmTC_34e43.dir/CheckFunctionExists.c.o   -c /usr/share/cmake-3.10/Modules/CheckFunctionExists.c
Linking C executable cmTC_34e43
/usr/bin/cmake -E cmake_link_script CMakeFiles/cmTC_34e43.dir/link.txt --verbose=1
/usr/bin/c89-gcc  -DCHECK_FUNCTION_EXISTS=pthread_create    -rdynamic CMakeFiles/cmTC_34e43.dir/CheckFunctionExists.c.o  -o cmTC_34e43 -lpthreads 
/usr/bin/ld: -lpthreads が見つかりません
collect2: error: ld returned 1 exit status
CMakeFiles/cmTC_34e43.dir/build.make:97: recipe for target 'cmTC_34e43' failed
make[1]: *** [cmTC_34e43] Error 1
make[1]: ディレクトリ '/home/tsuchida/ros_package/ur_ws/src/moveit_jog_arm/build/CMakeFiles/CMakeTmp' から出ます
Makefile:126: recipe for target 'cmTC_34e43/fast' failed
make: *** [cmTC_34e43/fast] Error 2


