Detecting C [-std=c11] compiler features failed to compile with the following output:
Change Dir: /home/tsuchida/ros_package/ur_ws/src/ur3_new_moveit/build/CMakeFiles/CMakeTmp

Run Build Command:"/usr/bin/make" "cmTC_d29fe/fast"
/usr/bin/make -f CMakeFiles/cmTC_d29fe.dir/build.make CMakeFiles/cmTC_d29fe.dir/build
make[1]: ディレクトリ '/home/tsuchida/ros_package/ur_ws/src/ur3_new_moveit/build/CMakeFiles/CMakeTmp' に入ります
Building C object CMakeFiles/cmTC_d29fe.dir/feature_tests.c.o
/usr/bin/c89-gcc   -std=c11 -o CMakeFiles/cmTC_d29fe.dir/feature_tests.c.o   -c /home/tsuchida/ros_package/ur_ws/src/ur3_new_moveit/build/CMakeFiles/feature_tests.c
c89-gcc called with non ANSI/ISO C option -std=c11
CMakeFiles/cmTC_d29fe.dir/build.make:65: recipe for target 'CMakeFiles/cmTC_d29fe.dir/feature_tests.c.o' failed
make[1]: *** [CMakeFiles/cmTC_d29fe.dir/feature_tests.c.o] Error 1
make[1]: ディレクトリ '/home/tsuchida/ros_package/ur_ws/src/ur3_new_moveit/build/CMakeFiles/CMakeTmp' から出ます
Makefile:126: recipe for target 'cmTC_d29fe/fast' failed
make: *** [cmTC_d29fe/fast] Error 2



Determining if the pthread_create exist failed with the following output:
Change Dir: /home/tsuchida/ros_package/ur_ws/src/ur3_new_moveit/build/CMakeFiles/CMakeTmp

Run Build Command:"/usr/bin/make" "cmTC_7f044/fast"
/usr/bin/make -f CMakeFiles/cmTC_7f044.dir/build.make CMakeFiles/cmTC_7f044.dir/build
make[1]: ディレクトリ '/home/tsuchida/ros_package/ur_ws/src/ur3_new_moveit/build/CMakeFiles/CMakeTmp' に入ります
Building C object CMakeFiles/cmTC_7f044.dir/CheckSymbolExists.c.o
/usr/bin/c89-gcc    -o CMakeFiles/cmTC_7f044.dir/CheckSymbolExists.c.o   -c /home/tsuchida/ros_package/ur_ws/src/ur3_new_moveit/build/CMakeFiles/CMakeTmp/CheckSymbolExists.c
Linking C executable cmTC_7f044
/usr/bin/cmake -E cmake_link_script CMakeFiles/cmTC_7f044.dir/link.txt --verbose=1
/usr/bin/c89-gcc      -rdynamic CMakeFiles/cmTC_7f044.dir/CheckSymbolExists.c.o  -o cmTC_7f044 
CMakeFiles/cmTC_7f044.dir/CheckSymbolExists.c.o: 関数 `main' 内:
CheckSymbolExists.c:(.text+0x1b): `pthread_create' に対する定義されていない参照です
collect2: error: ld returned 1 exit status
CMakeFiles/cmTC_7f044.dir/build.make:97: recipe for target 'cmTC_7f044' failed
make[1]: *** [cmTC_7f044] Error 1
make[1]: ディレクトリ '/home/tsuchida/ros_package/ur_ws/src/ur3_new_moveit/build/CMakeFiles/CMakeTmp' から出ます
Makefile:126: recipe for target 'cmTC_7f044/fast' failed
make: *** [cmTC_7f044/fast] Error 2

File /home/tsuchida/ros_package/ur_ws/src/ur3_new_moveit/build/CMakeFiles/CMakeTmp/CheckSymbolExists.c:
/* */
#include <pthread.h>

int main(int argc, char** argv)
{
  (void)argv;
#ifndef pthread_create
  return ((int*)(&pthread_create))[argc];
#else
  (void)argc;
  return 0;
#endif
}

Determining if the function pthread_create exists in the pthreads failed with the following output:
Change Dir: /home/tsuchida/ros_package/ur_ws/src/ur3_new_moveit/build/CMakeFiles/CMakeTmp

Run Build Command:"/usr/bin/make" "cmTC_71fe1/fast"
/usr/bin/make -f CMakeFiles/cmTC_71fe1.dir/build.make CMakeFiles/cmTC_71fe1.dir/build
make[1]: ディレクトリ '/home/tsuchida/ros_package/ur_ws/src/ur3_new_moveit/build/CMakeFiles/CMakeTmp' に入ります
Building C object CMakeFiles/cmTC_71fe1.dir/CheckFunctionExists.c.o
/usr/bin/c89-gcc   -DCHECK_FUNCTION_EXISTS=pthread_create   -o CMakeFiles/cmTC_71fe1.dir/CheckFunctionExists.c.o   -c /usr/share/cmake-3.10/Modules/CheckFunctionExists.c
Linking C executable cmTC_71fe1
/usr/bin/cmake -E cmake_link_script CMakeFiles/cmTC_71fe1.dir/link.txt --verbose=1
/usr/bin/c89-gcc  -DCHECK_FUNCTION_EXISTS=pthread_create    -rdynamic CMakeFiles/cmTC_71fe1.dir/CheckFunctionExists.c.o  -o cmTC_71fe1 -lpthreads 
/usr/bin/ld: -lpthreads が見つかりません
collect2: error: ld returned 1 exit status
CMakeFiles/cmTC_71fe1.dir/build.make:97: recipe for target 'cmTC_71fe1' failed
make[1]: *** [cmTC_71fe1] Error 1
make[1]: ディレクトリ '/home/tsuchida/ros_package/ur_ws/src/ur3_new_moveit/build/CMakeFiles/CMakeTmp' から出ます
Makefile:126: recipe for target 'cmTC_71fe1/fast' failed
make: *** [cmTC_71fe1/fast] Error 2


